32.484: INFO: main               Contents of /home/pi/cinemate/src/logs/system.log have been erased.
32.484: INFO: main               Contents of /home/pi/cinemate/src/logs/cinemate-service.log have been erased.
32.484: INFO: main               Contents of /home/pi/cinemate/src/logs/cinemate-service-error.log have been erased.
32.499: INFO: wifi_hotspot       WiFi hotspot is already active. Skipping creation.
32.502: INFO: redis_controller   Initializing cache with Redis values...
32.504: INFO: PWMcontroller      Initializing PWM on pin 19 (channel 3) with frequency 24Hz and chip 2
32.505: INFO: redis_controller   Changed value: pi_model = pi5
32.505: INFO: PWMcontroller      PWM successfully initialized on pin 19 (channel 3) with frequency 24Hz
32.505: INFO: PWMcontroller      Updating PWM with cycles=1
32.541: INFO: PWMcontroller      PWM duty cycle set to 49.999237048905165% on pins 19, None
32.782: INFO: sensor_detect      cinepi-raw output: Available cameras
-----------------
0 : imx585 [3840x2160 16-bit RGGB] (/base/axi/pcie@120000/rp1/i2c@80000/imx585@1A)
    Modes: 'SRGGB12_CSI2P' : 1928x1090 [90.17 fps - (0, 0)/3840x2160 crop]
                             3856x2180 [60.00 fps - (0, 0)/3840x2160 crop]
           'SRGGB16' : 1928x1090 [30.00 fps - (0, 0)/3840x2160 crop]
                       3856x2180 [30.00 fps - (0, 0)/3840x2160 crop]


32.783: INFO: sensor_detect      Detected camera model: imx585
32.783: WARNING: sensor_detect      cinepi-raw command exited with non-zero status: 134
32.783: WARNING: sensor_detect      stderr: terminate called after throwing an instance of 'std::system_error'
  what():  Invalid argument
Aborted

33.023: INFO: sensor_detect      cinepi-raw output: Available cameras
-----------------
0 : imx585 [3840x2160 16-bit RGGB] (/base/axi/pcie@120000/rp1/i2c@80000/imx585@1A)
    Modes: 'SRGGB12_CSI2P' : 1928x1090 [90.17 fps - (0, 0)/3840x2160 crop]
                             3856x2180 [60.00 fps - (0, 0)/3840x2160 crop]
           'SRGGB16' : 1928x1090 [30.00 fps - (0, 0)/3840x2160 crop]
                       3856x2180 [30.00 fps - (0, 0)/3840x2160 crop]


33.023: INFO: sensor_detect      Detected camera model: imx585
33.023: WARNING: sensor_detect      cinepi-raw command exited with non-zero status: 134
33.023: WARNING: sensor_detect      stderr: terminate called after throwing an instance of 'std::system_error'
  what():  Invalid argument
Aborted

33.024: INFO: cinepi_app         Corrected Preview Window -> x=94, y=50, width=1732, height=979, aspect_ratio=1.77
33.024: INFO: redis_controller   Changed value: anamorphic_factor = 1
33.024: INFO: cinepi_app         redis width: 1928
33.024: INFO: cinepi_app         redis height: 1090
33.025: INFO: cinepi_app         CinePi instantiated
33.025: INFO: redis_controller   Changed value: lores_width = 1273
33.025: INFO: cinepi_app         Log level set to INFO
33.025: INFO: cinepi_app         Active filters set to: 
33.025: INFO: redis_controller   Changed value: lores_height = 720
33.025: INFO: ssd_monitor        SSD monitoring thread started.
33.028: INFO: ssd_monitor        RAW drive mounted at /media/RAW
33.028: INFO: ssd_monitor        Updated space left on SSD: 847.19 GB
33.029: INFO: gpio_output        REC light instantiated on pin 6
33.029: INFO: gpio_output        REC light instantiated on pin 21
33.031: INFO: redis_controller   Changed value: framecount = 0
33.031: INFO: redis_controller   Changed value: rec = 0
33.034: INFO: redis_controller   Changed value: sensor = imx585
33.034: INFO: cinepi_controller  Settings loaded successfully.
33.034: INFO: redis_controller   Changed value: fps_max = 50
33.035: INFO: cinepi_controller  Initialized fps_steps: [1, 2, 4, 8, 12, 16, 18, 24, 25, 33, 40, 50]
33.035: INFO: cinepi_controller  Initialized shutter_a_steps: [1, 45, 90, 135, 172.8, 180, 225, 270, 315, 346.6, 360]
33.035: INFO: redis_controller   Changed value: fps_max = 50
33.035: INFO: cinepi_controller  Loading tuning file from: /home/pi/cinemate/resources/tuning_files/imx585.json
33.036: INFO: cinepi_controller  Tuning data loaded successfully.
33.037: INFO: cinepi_controller  'rpi.awb' data found: {'use_derivatives': 0, 'bayes': 0}
33.037: WARNING: cinepi_controller  'ct_curve' not found in 'rpi.awb' data, using default ct_curve.
33.037: INFO: cinepi_controller  Parsed temperatures: [2187.0, 2258.0, 5225.0, 5289.0, 6532.0]
33.037: INFO: cinepi_controller  Parsed r_values: [1.1114, 1.1063, 0.6631, 0.5769, 0.5259]
33.037: INFO: cinepi_controller  Parsed b_values: [0.1026, 0.1147, 0.5507, 0.5731, 0.5801]
33.037: INFO: cinepi_controller  Interpolating for wb step: 3200K, lower index: 1, upper index: 2
33.037: INFO: cinepi_controller  Interpolated values for 3200K - r_interp: 0.9655873609706775, b_interp: 0.25312669362992923
33.037: INFO: cinepi_controller  Calculated reciprocal cg_rb for 3200K: (1.0, 4.0)
33.037: INFO: cinepi_controller  Interpolating for wb step: 4400K, lower index: 1, upper index: 2
33.038: INFO: cinepi_controller  Interpolated values for 4400K - r_interp: 0.7863355915065724, b_interp: 0.4294664307381193
33.038: INFO: cinepi_controller  Calculated reciprocal cg_rb for 4400K: (1.3, 2.3)
33.038: INFO: cinepi_controller  Interpolating for wb step: 5600K, lower index: 3, upper index: 4
33.038: INFO: cinepi_controller  Interpolated values for 5600K - r_interp: 0.5641397425583267, b_interp: 0.5748514078841512
33.038: INFO: cinepi_controller  Calculated reciprocal cg_rb for 5600K: (1.8, 1.7)
33.038: INFO: cinepi_controller  Initialized wb_cg_rb_array: {3200: (1.0, 4.0), 4400: (1.3, 2.3), 5600: (1.8, 1.7)}
33.038: INFO: cinepi_controller  Settings loaded successfully.
33.038: INFO: cinepi_controller  Received set_fps call with value: 25.0
33.039: INFO: cinepi_controller  Retrieved max_fps from Redis: 50
33.039: INFO: cinepi_controller  Calculated safe_value: 25.0
33.039: INFO: cinepi_controller  Setting fps to 25.0
33.039: INFO: redis_controller   Changed value: fps = 25.0
33.039: INFO: cinepi_controller  [1, 45, 90, 135, 172.8, 180, 225, 270, 315, 346.6, 360]
33.040: INFO: cinepi_controller  Initialized fps: 25
33.040: INFO: redis_controller   Changed value: fps_last = 25.0
33.041: INFO: redis_controller   Changed value: fps_last = 25.0
33.042: INFO: redis_controller   Changed value: sensor_mode = 0
33.042: INFO: cinepi_controller  Resolution set to mode 0, height: 1090, width: 1928, gui_layout: 0
33.043: INFO: redis_controller   Changed value: height = 1090
33.043: INFO: redis_controller   Changed value: width = 1928
33.043: INFO: redis_controller   Changed value: bit_depth = 12
33.043: INFO: redis_controller   Changed value: fps_max = 50
33.043: INFO: redis_controller   Changed value: gui_layout = 0
33.044: INFO: redis_controller   Changed value: file_size = 3.1
33.044: INFO: redis_controller   Changed value: cam_init = 1
33.543: INFO: cinepi_app         Restarting CinePi instance.
33.543: INFO: redis_controller   Changed value: fps_last = 25.0
33.788: INFO: sensor_detect      cinepi-raw output: Available cameras
-----------------
0 : imx585 [3840x2160 16-bit RGGB] (/base/axi/pcie@120000/rp1/i2c@80000/imx585@1A)
    Modes: 'SRGGB12_CSI2P' : 1928x1090 [90.17 fps - (0, 0)/3840x2160 crop]
                             3856x2180 [60.00 fps - (0, 0)/3840x2160 crop]
           'SRGGB16' : 1928x1090 [30.00 fps - (0, 0)/3840x2160 crop]
                       3856x2180 [30.00 fps - (0, 0)/3840x2160 crop]


33.788: INFO: sensor_detect      Detected camera model: imx585
33.788: WARNING: sensor_detect      cinepi-raw command exited with non-zero status: 134
33.788: WARNING: sensor_detect      stderr: terminate called after throwing an instance of 'std::system_error'
  what():  Invalid argument
Aborted

33.789: INFO: cinepi_app         Corrected Preview Window -> x=94, y=50, width=1732, height=979, aspect_ratio=1.77
33.790: INFO: redis_controller   Changed value: anamorphic_factor = 1
33.790: INFO: cinepi_app         Issuing ['cinepi-raw', '--mode', '1928:1090:12:U', '--width', '1928', '--height', '1090', '--lores-width', '1273', '--lores-height', '720', '-p', '94,50,1732,979', '--post-process-file', '/home/pi/post-processing.json', '--shutter', '20000', '--awbgains', '2.5,2.0', '--awb', 'auto']
33.790: INFO: redis_controller   Changed value: lores_width = 1273
33.791: INFO: redis_controller   Changed value: lores_height = 720
33.792: INFO: cinepi_controller  Received set_fps call with value: 25.0
33.792: INFO: redis_controller   Changed value: sensor = imx585
33.792: INFO: cinepi_controller  Retrieved max_fps from Redis: 50
33.793: INFO: cinepi_controller  Calculated safe_value: 25.0
33.794: INFO: cinepi_controller  Setting fps to 25.0
33.794: INFO: redis_controller   Changed value: fps = 25.0
33.794: INFO: cinepi_controller  [1, 45, 90, 135, 172.8, 180, 225, 270, 315, 346.6, 360]
33.795: INFO: cinepi_controller  Initialized fps_steps: [1, 2, 4, 8, 12, 16, 18, 24, 25, 33, 40, 50]
33.796: INFO: redis_controller   Changed value: fps_last = 25.0
33.796: INFO: cinepi_controller  [1, 45, 90, 135, 172.8, 180, 225, 270, 315, 346.6, 360]
33.796: INFO: redis_controller   Changed value: fps_max = 50
33.797: INFO: redis_controller   Changed value: sensor = imx585
34.219: INFO: redis_listener     Framecount is changing
34.220: INFO: redis_controller   Changed value: rec = 1
34.797: INFO: gpio_input         Button on pin 5:
34.797: INFO: gpio_input           Press: rec
34.799: INFO: redis_controller   Changed value: fps = 25.0
34.802: INFO: gpio_input         Button on pin 13:
34.803: INFO: gpio_input           Press: inc_iso
34.804: INFO: gpio_input         Button on pin 10:
34.804: INFO: gpio_input           Press: dec_iso
34.805: INFO: gpio_input         Button on pin 16:
34.806: INFO: gpio_input           Press: set_fps_double
34.806: INFO: gpio_input         Button on pin 26:
34.806: INFO: gpio_input           Single Click: set_resolution
34.806: INFO: gpio_input           Double Click: restart_camera
34.807: INFO: gpio_input           Triple Click: reboot
34.807: INFO: gpio_input           Hold: unmount
34.807: INFO: gpio_input         Two-way switch on pin 27:
34.807: INFO: gpio_input           State ON action: set_all_lock
34.808: INFO: gpio_input           State OFF action: set_all_lock
35.308: INFO: gpio_input         Detected initial state: off for switch on pin 27
35.308: INFO: cinepi_controller  ISO lock True
35.308: INFO: cinepi_controller  Shutter angle lock True
35.309: INFO: cinepi_controller  FPS lock True
35.309: INFO: gpio_input         Executed action set_all_lock(1)
35.309: INFO: gpio_input         Initialized SimpleSwitch on pin 27 (pull_up=True, debounce=0.1s)
35.309: INFO: gpio_input         Two-way switch on pin 22:
35.309: INFO: gpio_input           State ON action: set_shutter_a_sync_mode
35.309: INFO: gpio_input           State OFF action: set_shutter_a_sync_mode
35.426: INFO: redis_listener     Drop frame detected
35.810: INFO: gpio_input         Detected initial state: off for switch on pin 22
35.810: INFO: cinepi_controller  Exposure constant mode activated with initial exposure: 0.019200000000000002 seconds
35.810: INFO: cinepi_controller  Shutter sync enabled
35.811: INFO: gpio_input         Executed action set_shutter_a_sync_mode(1)
35.811: INFO: gpio_input         Initialized SimpleSwitch on pin 22 (pull_up=True, debounce=0.1s)
35.811: INFO: gpio_input         Rotary Encoder with Button on CLK pin: 9, DT pin: 11
35.811: INFO: gpio_input           Rotate Clockwise: inc_iso
35.811: INFO: gpio_input           Rotate CounterClockwise: dec_iso
35.813: INFO: gpio_input         Rotary Encoder with Button on CLK pin: 23, DT pin: 25
35.813: INFO: gpio_input           Rotate Clockwise: inc_shutter_a_nom
35.813: INFO: gpio_input           Rotate CounterClockwise: dec_shutter_a_nom
35.814: INFO: gpio_input         Rotary Encoder with Button on CLK pin: 8, DT pin: 7
35.814: INFO: gpio_input           Rotate Clockwise: inc_fps
35.814: INFO: gpio_input           Rotate CounterClockwise: dec_fps
35.815: INFO: gpio_input         Rotary Encoder with Button on CLK pin: 12, DT pin: 20
35.815: INFO: gpio_input           Rotate Clockwise: inc_wb
35.815: INFO: gpio_input           Rotate CounterClockwise: dec_wb
35.818: WARNING: gpio_input         No I2C device found at address: 0x49. Quad Rotary Encoder not initialized.
35.821: INFO: redis_controller   Changed value: framecount = 0
35.821: INFO: redis_controller   Changed value: rec = 0
35.823: INFO: simple_gui         HDMI display found. (1920, 1080)
35.920: INFO: main               Stream module loaded
35.922: INFO: mediator           Mediator instantiated
35.929: INFO: redis_listener     Drop frame flag reset
35.973: INFO: redis_listener     Framecount is stable
35.975: INFO: redis_controller   Changed value: rec = 0
35.975: INFO: mediator           Recording stopped!
35.976: INFO: gpio_output        GPIO 6 set to LOW
35.976: INFO: gpio_output        GPIO 21 set to LOW
36.927: INFO: main               Loaded WB steps: [3200, 4400, 5600]
36.928: INFO: analog_controls    Grove Base HAT not found.
36.928: ERROR: main               Invalid trigger_mode value retrieved: 1
36.928: INFO: main               Initialized WB steps: [3200, 4400, 5600]
36.930: INFO: redis_controller   Changed value: cg_rb = 1.8,1.7
36.931: INFO: cinepi_controller  Set white balance for 5600K: (1.8, 1.7)
36.931: INFO: redis_controller   Changed value: wb_user = 5600
36.932: INFO: main               --- initialization complete
37.936: INFO: redis_controller   Changed value: fps = 25.0
37.938: INFO: PWMcontroller      Setting PWM with fps=25.0, shutter_angle=None
37.942: INFO: PWMcontroller      PWM frequency set to 25.0Hz on pins 19, None
37.944: INFO: PWMcontroller      Shutter angle is None, keeping existing duty cycle.
37.944: INFO: PWMcontroller      Updating PWM with cycles=1
37.958: INFO: PWMcontroller      PWM duty cycle set to 49.999237048905165% on pins 19, None
49.266: INFO: main               Graceful shutdown initiated.
49.273: WARNING: redis_listener     Recording stopped, but no recording start time was registered.
49.274: WARNING: redis_listener     Recording stopped, but no recording start time was registered.
49.275: INFO: redis_controller   Changed value: is_recording = 0
49.284: INFO: redis_controller   Changed value: is_writing = 0
49.287: INFO: redis_listener     Framecount reset to 0.
49.289: INFO: redis_controller   Changed value: shutter_a_nom = 172
49.290: INFO: redis_controller   Changed value: cg_rb = 2.5,2.0
49.290: INFO: PWMcontroller      PWM stopped
49.291: INFO: PWMcontroller      PWM stopped
49.291: INFO: redis_controller   Changed value: rec = 0
49.292: INFO: mediator           Recording stopped!
49.292: INFO: gpio_output        GPIO 6 set to LOW
49.292: INFO: gpio_output        GPIO 21 set to LOW
49.293: INFO: redis_controller   Changed value: framecount = 0
49.459: INFO: main               Graceful shutdown initiated.
49.668: INFO: main               Graceful shutdown initiated.
49.833: INFO: main               Graceful shutdown initiated.
